{"D:\\DevEducation\\PRACTICES\\pr_05\\src\\01pr_Block\\checkNumber.js": {"path":"D:\\DevEducation\\PRACTICES\\pr_05\\src\\01pr_Block\\checkNumber.js","statementMap":{"0":{"start":{"line":7,"column":4},"end":{"line":9,"column":5}},"1":{"start":{"line":8,"column":8},"end":{"line":8,"column":36}},"2":{"start":{"line":10,"column":14},"end":{"line":10,"column":26}},"3":{"start":{"line":11,"column":4},"end":{"line":24,"column":5}},"4":{"start":{"line":12,"column":8},"end":{"line":12,"column":24}},"5":{"start":{"line":13,"column":11},"end":{"line":24,"column":5}},"6":{"start":{"line":14,"column":8},"end":{"line":14,"column":23}},"7":{"start":{"line":15,"column":11},"end":{"line":24,"column":5}},"8":{"start":{"line":16,"column":8},"end":{"line":16,"column":35}},"9":{"start":{"line":18,"column":8},"end":{"line":23,"column":9}},"10":{"start":{"line":18,"column":21},"end":{"line":18,"column":22}},"11":{"start":{"line":19,"column":12},"end":{"line":22,"column":34}},"12":{"start":{"line":20,"column":16},"end":{"line":20,"column":32}},"13":{"start":{"line":21,"column":16},"end":{"line":21,"column":22}},"14":{"start":{"line":22,"column":19},"end":{"line":22,"column":34}},"15":{"start":{"line":25,"column":4},"end":{"line":25,"column":30}},"16":{"start":{"line":26,"column":4},"end":{"line":26,"column":31}},"17":{"start":{"line":27,"column":4},"end":{"line":27,"column":15}},"18":{"start":{"line":30,"column":0},"end":{"line":30,"column":31}}},"fnMap":{"0":{"name":"checkNumber","decl":{"start":{"line":6,"column":9},"end":{"line":6,"column":20}},"loc":{"start":{"line":6,"column":28},"end":{"line":28,"column":1}},"line":6}},"branchMap":{"0":{"loc":{"start":{"line":7,"column":4},"end":{"line":9,"column":5}},"type":"if","locations":[{"start":{"line":7,"column":4},"end":{"line":9,"column":5}},{"start":{},"end":{}}],"line":7},"1":{"loc":{"start":{"line":11,"column":4},"end":{"line":24,"column":5}},"type":"if","locations":[{"start":{"line":11,"column":4},"end":{"line":24,"column":5}},{"start":{"line":13,"column":11},"end":{"line":24,"column":5}}],"line":11},"2":{"loc":{"start":{"line":13,"column":11},"end":{"line":24,"column":5}},"type":"if","locations":[{"start":{"line":13,"column":11},"end":{"line":24,"column":5}},{"start":{"line":15,"column":11},"end":{"line":24,"column":5}}],"line":13},"3":{"loc":{"start":{"line":15,"column":11},"end":{"line":24,"column":5}},"type":"if","locations":[{"start":{"line":15,"column":11},"end":{"line":24,"column":5}},{"start":{"line":17,"column":11},"end":{"line":24,"column":5}}],"line":15},"4":{"loc":{"start":{"line":15,"column":15},"end":{"line":15,"column":41}},"type":"binary-expr","locations":[{"start":{"line":15,"column":15},"end":{"line":15,"column":26}},{"start":{"line":15,"column":30},"end":{"line":15,"column":41}}],"line":15},"5":{"loc":{"start":{"line":19,"column":12},"end":{"line":22,"column":34}},"type":"if","locations":[{"start":{"line":19,"column":12},"end":{"line":22,"column":34}},{"start":{"line":22,"column":19},"end":{"line":22,"column":34}}],"line":19}},"s":{"0":8,"1":1,"2":7,"3":7,"4":1,"5":6,"6":1,"7":5,"8":2,"9":3,"10":3,"11":10,"12":2,"13":2,"14":8,"15":5,"16":5,"17":5,"18":1},"f":{"0":8},"b":{"0":[1,7],"1":[1,6],"2":[1,5],"3":[2,3],"4":[5,4],"5":[2,8]},"_coverageSchema":"1a1c01bbd47fc00a2c39e90264f33305004495a9","hash":"dbfcb67270a989100d47fd3eff69c43dec15d23a"}
,"D:\\DevEducation\\PRACTICES\\pr_05\\src\\01pr_Block\\getNumericalSum.js": {"path":"D:\\DevEducation\\PRACTICES\\pr_05\\src\\01pr_Block\\getNumericalSum.js","statementMap":{"0":{"start":{"line":6,"column":4},"end":{"line":8,"column":5}},"1":{"start":{"line":7,"column":8},"end":{"line":7,"column":25}},"2":{"start":{"line":9,"column":4},"end":{"line":9,"column":25}},"3":{"start":{"line":12,"column":0},"end":{"line":12,"column":33}}},"fnMap":{"0":{"name":"getNumericalSum","decl":{"start":{"line":5,"column":9},"end":{"line":5,"column":24}},"loc":{"start":{"line":5,"column":35},"end":{"line":10,"column":1}},"line":5}},"branchMap":{"0":{"loc":{"start":{"line":6,"column":4},"end":{"line":8,"column":5}},"type":"if","locations":[{"start":{"line":6,"column":4},"end":{"line":8,"column":5}},{"start":{},"end":{}}],"line":6},"1":{"loc":{"start":{"line":6,"column":8},"end":{"line":6,"column":50}},"type":"binary-expr","locations":[{"start":{"line":6,"column":8},"end":{"line":6,"column":19}},{"start":{"line":6,"column":23},"end":{"line":6,"column":34}},{"start":{"line":6,"column":38},"end":{"line":6,"column":50}}],"line":6}},"s":{"0":3,"1":1,"2":3,"3":1},"f":{"0":3},"b":{"0":[1,2],"1":[3,2,1]},"_coverageSchema":"1a1c01bbd47fc00a2c39e90264f33305004495a9","hash":"50a039950fc593b2528cb484f103c3335291a563"}
,"D:\\DevEducation\\PRACTICES\\pr_05\\src\\01pr_Block\\isPalindrome.js": {"path":"D:\\DevEducation\\PRACTICES\\pr_05\\src\\01pr_Block\\isPalindrome.js","statementMap":{"0":{"start":{"line":3,"column":4},"end":{"line":10,"column":5}},"1":{"start":{"line":4,"column":24},"end":{"line":4,"column":61}},"2":{"start":{"line":5,"column":27},"end":{"line":5,"column":32}},"3":{"start":{"line":6,"column":8},"end":{"line":8,"column":9}},"4":{"start":{"line":6,"column":19},"end":{"line":6,"column":20}},"5":{"start":{"line":7,"column":12},"end":{"line":7,"column":80}},"6":{"start":{"line":9,"column":8},"end":{"line":9,"column":28}},"7":{"start":{"line":11,"column":4},"end":{"line":11,"column":34}},"8":{"start":{"line":13,"column":0},"end":{"line":13,"column":32}}},"fnMap":{"0":{"name":"isPalindrome","decl":{"start":{"line":2,"column":9},"end":{"line":2,"column":21}},"loc":{"start":{"line":2,"column":27},"end":{"line":12,"column":1}},"line":2}},"branchMap":{"0":{"loc":{"start":{"line":3,"column":4},"end":{"line":10,"column":5}},"type":"if","locations":[{"start":{"line":3,"column":4},"end":{"line":10,"column":5}},{"start":{},"end":{}}],"line":3}},"s":{"0":5,"1":4,"2":4,"3":4,"4":4,"5":60,"6":4,"7":1,"8":1},"f":{"0":5},"b":{"0":[4,1]},"_coverageSchema":"1a1c01bbd47fc00a2c39e90264f33305004495a9","hash":"9dcc9c2feb50bd8dbd0fe6676fb0ae35ce457f30"}
,"D:\\DevEducation\\PRACTICES\\pr_05\\src\\01pr_Block\\isStringValid.js": {"path":"D:\\DevEducation\\PRACTICES\\pr_05\\src\\01pr_Block\\isStringValid.js","statementMap":{"0":{"start":{"line":12,"column":22},"end":{"line":12,"column":31}},"1":{"start":{"line":13,"column":4},"end":{"line":15,"column":5}},"2":{"start":{"line":14,"column":8},"end":{"line":14,"column":38}},"3":{"start":{"line":17,"column":4},"end":{"line":19,"column":5}},"4":{"start":{"line":18,"column":8},"end":{"line":18,"column":25}},"5":{"start":{"line":21,"column":20},"end":{"line":21,"column":25}},"6":{"start":{"line":22,"column":20},"end":{"line":22,"column":25}},"7":{"start":{"line":24,"column":4},"end":{"line":35,"column":5}},"8":{"start":{"line":24,"column":17},"end":{"line":24,"column":18}},"9":{"start":{"line":25,"column":23},"end":{"line":25,"column":40}},"10":{"start":{"line":26,"column":8},"end":{"line":28,"column":9}},"11":{"start":{"line":27,"column":12},"end":{"line":27,"column":29}},"12":{"start":{"line":30,"column":8},"end":{"line":34,"column":9}},"13":{"start":{"line":30,"column":21},"end":{"line":30,"column":22}},"14":{"start":{"line":31,"column":12},"end":{"line":33,"column":13}},"15":{"start":{"line":32,"column":16},"end":{"line":32,"column":33}},"16":{"start":{"line":36,"column":4},"end":{"line":40,"column":5}},"17":{"start":{"line":37,"column":8},"end":{"line":37,"column":23}},"18":{"start":{"line":39,"column":8},"end":{"line":39,"column":25}},"19":{"start":{"line":43,"column":0},"end":{"line":43,"column":31}}},"fnMap":{"0":{"name":"isStringValid","decl":{"start":{"line":11,"column":9},"end":{"line":11,"column":22}},"loc":{"start":{"line":11,"column":28},"end":{"line":41,"column":1}},"line":11}},"branchMap":{"0":{"loc":{"start":{"line":13,"column":4},"end":{"line":15,"column":5}},"type":"if","locations":[{"start":{"line":13,"column":4},"end":{"line":15,"column":5}},{"start":{},"end":{}}],"line":13},"1":{"loc":{"start":{"line":13,"column":8},"end":{"line":13,"column":45}},"type":"binary-expr","locations":[{"start":{"line":13,"column":8},"end":{"line":13,"column":18}},{"start":{"line":13,"column":22},"end":{"line":13,"column":45}}],"line":13},"2":{"loc":{"start":{"line":17,"column":4},"end":{"line":19,"column":5}},"type":"if","locations":[{"start":{"line":17,"column":4},"end":{"line":19,"column":5}},{"start":{},"end":{}}],"line":17},"3":{"loc":{"start":{"line":17,"column":8},"end":{"line":17,"column":106}},"type":"binary-expr","locations":[{"start":{"line":17,"column":8},"end":{"line":17,"column":22}},{"start":{"line":17,"column":26},"end":{"line":17,"column":41}},{"start":{"line":17,"column":45},"end":{"line":17,"column":76}},{"start":{"line":17,"column":80},"end":{"line":17,"column":106}}],"line":17},"4":{"loc":{"start":{"line":26,"column":8},"end":{"line":28,"column":9}},"type":"if","locations":[{"start":{"line":26,"column":8},"end":{"line":28,"column":9}},{"start":{},"end":{}}],"line":26},"5":{"loc":{"start":{"line":26,"column":12},"end":{"line":26,"column":83}},"type":"binary-expr","locations":[{"start":{"line":26,"column":12},"end":{"line":26,"column":32}},{"start":{"line":26,"column":36},"end":{"line":26,"column":57}},{"start":{"line":26,"column":61},"end":{"line":26,"column":83}}],"line":26},"6":{"loc":{"start":{"line":31,"column":12},"end":{"line":33,"column":13}},"type":"if","locations":[{"start":{"line":31,"column":12},"end":{"line":33,"column":13}},{"start":{},"end":{}}],"line":31},"7":{"loc":{"start":{"line":36,"column":4},"end":{"line":40,"column":5}},"type":"if","locations":[{"start":{"line":36,"column":4},"end":{"line":40,"column":5}},{"start":{"line":38,"column":11},"end":{"line":40,"column":5}}],"line":36},"8":{"loc":{"start":{"line":36,"column":8},"end":{"line":36,"column":47}},"type":"binary-expr","locations":[{"start":{"line":36,"column":8},"end":{"line":36,"column":17}},{"start":{"line":36,"column":21},"end":{"line":36,"column":30}},{"start":{"line":36,"column":34},"end":{"line":36,"column":47}}],"line":36}},"s":{"0":13,"1":13,"2":2,"3":11,"4":4,"5":7,"6":7,"7":7,"8":7,"9":44,"10":44,"11":44,"12":44,"13":44,"14":308,"15":5,"16":7,"17":2,"18":5,"19":1},"f":{"0":13},"b":{"0":[2,11],"1":[13,12],"2":[4,7],"3":[11,10,9,8],"4":[44,0],"5":[44,0,0],"6":[5,303],"7":[2,5],"8":[7,7,3]},"_coverageSchema":"1a1c01bbd47fc00a2c39e90264f33305004495a9","hash":"7d823b956e1496437e75884fc7ee846520178448"}
,"D:\\DevEducation\\PRACTICES\\pr_05\\src\\02pr_Block\\breakingCycleFunc.js": {"path":"D:\\DevEducation\\PRACTICES\\pr_05\\src\\02pr_Block\\breakingCycleFunc.js","statementMap":{"0":{"start":{"line":4,"column":0},"end":{"line":11,"column":1}},"1":{"start":{"line":4,"column":13},"end":{"line":4,"column":14}},"2":{"start":{"line":5,"column":4},"end":{"line":10,"column":5}},"3":{"start":{"line":5,"column":17},"end":{"line":5,"column":18}},"4":{"start":{"line":6,"column":8},"end":{"line":8,"column":9}},"5":{"start":{"line":7,"column":12},"end":{"line":7,"column":22}},"6":{"start":{"line":7,"column":23},"end":{"line":7,"column":28}},"7":{"start":{"line":14,"column":4},"end":{"line":22,"column":5}},"8":{"start":{"line":14,"column":17},"end":{"line":14,"column":18}},"9":{"start":{"line":15,"column":8},"end":{"line":21,"column":9}},"10":{"start":{"line":15,"column":21},"end":{"line":15,"column":22}},"11":{"start":{"line":16,"column":12},"end":{"line":19,"column":13}},"12":{"start":{"line":17,"column":16},"end":{"line":17,"column":26}},"13":{"start":{"line":18,"column":16},"end":{"line":18,"column":35}},"14":{"start":{"line":25,"column":0},"end":{"line":25,"column":37}}},"fnMap":{"0":{"name":"breakingCycleFunc","decl":{"start":{"line":13,"column":9},"end":{"line":13,"column":26}},"loc":{"start":{"line":13,"column":29},"end":{"line":23,"column":1}},"line":13}},"branchMap":{"0":{"loc":{"start":{"line":6,"column":8},"end":{"line":8,"column":9}},"type":"if","locations":[{"start":{"line":6,"column":8},"end":{"line":8,"column":9}},{"start":{},"end":{}}],"line":6},"1":{"loc":{"start":{"line":6,"column":12},"end":{"line":6,"column":32}},"type":"binary-expr","locations":[{"start":{"line":6,"column":12},"end":{"line":6,"column":20}},{"start":{"line":6,"column":24},"end":{"line":6,"column":32}}],"line":6},"2":{"loc":{"start":{"line":16,"column":12},"end":{"line":19,"column":13}},"type":"if","locations":[{"start":{"line":16,"column":12},"end":{"line":19,"column":13}},{"start":{},"end":{}}],"line":16},"3":{"loc":{"start":{"line":16,"column":16},"end":{"line":16,"column":36}},"type":"binary-expr","locations":[{"start":{"line":16,"column":16},"end":{"line":16,"column":24}},{"start":{"line":16,"column":28},"end":{"line":16,"column":36}}],"line":16}},"s":{"0":1,"1":1,"2":16,"3":16,"4":316,"5":1,"6":1,"7":1,"8":1,"9":16,"10":16,"11":316,"12":1,"13":1,"14":1},"f":{"0":1},"b":{"0":[1,315],"1":[316,16],"2":[1,315],"3":[316,16]},"_coverageSchema":"1a1c01bbd47fc00a2c39e90264f33305004495a9","hash":"f06e3442b2ddbd06f282c61ab3c8f8e886616317"}
,"D:\\DevEducation\\PRACTICES\\pr_05\\src\\02pr_Block\\isAnagram.js": {"path":"D:\\DevEducation\\PRACTICES\\pr_05\\src\\02pr_Block\\isAnagram.js","statementMap":{"0":{"start":{"line":6,"column":4},"end":{"line":8,"column":5}},"1":{"start":{"line":7,"column":8},"end":{"line":7,"column":36}},"2":{"start":{"line":9,"column":4},"end":{"line":9,"column":38}},"3":{"start":{"line":10,"column":4},"end":{"line":10,"column":38}},"4":{"start":{"line":11,"column":15},"end":{"line":11,"column":56}},"5":{"start":{"line":12,"column":15},"end":{"line":12,"column":56}},"6":{"start":{"line":14,"column":4},"end":{"line":18,"column":5}},"7":{"start":{"line":15,"column":8},"end":{"line":15,"column":33}},"8":{"start":{"line":17,"column":8},"end":{"line":17,"column":37}},"9":{"start":{"line":21,"column":0},"end":{"line":21,"column":29}}},"fnMap":{"0":{"name":"isAnagram","decl":{"start":{"line":5,"column":9},"end":{"line":5,"column":18}},"loc":{"start":{"line":5,"column":25},"end":{"line":19,"column":1}},"line":5}},"branchMap":{"0":{"loc":{"start":{"line":6,"column":4},"end":{"line":8,"column":5}},"type":"if","locations":[{"start":{"line":6,"column":4},"end":{"line":8,"column":5}},{"start":{},"end":{}}],"line":6},"1":{"loc":{"start":{"line":6,"column":8},"end":{"line":6,"column":78}},"type":"binary-expr","locations":[{"start":{"line":6,"column":8},"end":{"line":6,"column":16}},{"start":{"line":6,"column":20},"end":{"line":6,"column":28}},{"start":{"line":6,"column":32},"end":{"line":6,"column":53}},{"start":{"line":6,"column":57},"end":{"line":6,"column":78}}],"line":6},"2":{"loc":{"start":{"line":14,"column":4},"end":{"line":18,"column":5}},"type":"if","locations":[{"start":{"line":14,"column":4},"end":{"line":18,"column":5}},{"start":{"line":16,"column":11},"end":{"line":18,"column":5}}],"line":14}},"s":{"0":9,"1":6,"2":3,"3":3,"4":3,"5":3,"6":3,"7":2,"8":1,"9":1},"f":{"0":9},"b":{"0":[6,3],"1":[9,8,7,5],"2":[2,1]},"_coverageSchema":"1a1c01bbd47fc00a2c39e90264f33305004495a9","hash":"44a210e39506440dfa33c5764ed519fb4f0509ef"}
,"D:\\DevEducation\\PRACTICES\\pr_05\\src\\02pr_Block\\typingWordsFunc.js": {"path":"D:\\DevEducation\\PRACTICES\\pr_05\\src\\02pr_Block\\typingWordsFunc.js","statementMap":{"0":{"start":{"line":7,"column":4},"end":{"line":9,"column":5}},"1":{"start":{"line":8,"column":8},"end":{"line":8,"column":36}},"2":{"start":{"line":10,"column":17},"end":{"line":10,"column":19}},"3":{"start":{"line":11,"column":4},"end":{"line":13,"column":5}},"4":{"start":{"line":12,"column":8},"end":{"line":12,"column":19}},"5":{"start":{"line":14,"column":4},"end":{"line":24,"column":5}},"6":{"start":{"line":14,"column":17},"end":{"line":14,"column":18}},"7":{"start":{"line":15,"column":8},"end":{"line":23,"column":9}},"8":{"start":{"line":16,"column":12},"end":{"line":16,"column":45}},"9":{"start":{"line":17,"column":15},"end":{"line":23,"column":9}},"10":{"start":{"line":18,"column":12},"end":{"line":18,"column":49}},"11":{"start":{"line":19,"column":15},"end":{"line":23,"column":9}},"12":{"start":{"line":20,"column":12},"end":{"line":20,"column":44}},"13":{"start":{"line":22,"column":12},"end":{"line":22,"column":44}},"14":{"start":{"line":25,"column":4},"end":{"line":25,"column":18}},"15":{"start":{"line":28,"column":0},"end":{"line":28,"column":35}}},"fnMap":{"0":{"name":"typingWordsFunc","decl":{"start":{"line":6,"column":9},"end":{"line":6,"column":24}},"loc":{"start":{"line":6,"column":28},"end":{"line":26,"column":1}},"line":6}},"branchMap":{"0":{"loc":{"start":{"line":7,"column":4},"end":{"line":9,"column":5}},"type":"if","locations":[{"start":{"line":7,"column":4},"end":{"line":9,"column":5}},{"start":{},"end":{}}],"line":7},"1":{"loc":{"start":{"line":7,"column":8},"end":{"line":7,"column":41}},"type":"binary-expr","locations":[{"start":{"line":7,"column":8},"end":{"line":7,"column":16}},{"start":{"line":7,"column":20},"end":{"line":7,"column":41}}],"line":7},"2":{"loc":{"start":{"line":11,"column":4},"end":{"line":13,"column":5}},"type":"if","locations":[{"start":{"line":11,"column":4},"end":{"line":13,"column":5}},{"start":{},"end":{}}],"line":11},"3":{"loc":{"start":{"line":15,"column":8},"end":{"line":23,"column":9}},"type":"if","locations":[{"start":{"line":15,"column":8},"end":{"line":23,"column":9}},{"start":{"line":17,"column":15},"end":{"line":23,"column":9}}],"line":15},"4":{"loc":{"start":{"line":15,"column":12},"end":{"line":15,"column":38}},"type":"binary-expr","locations":[{"start":{"line":15,"column":12},"end":{"line":15,"column":23}},{"start":{"line":15,"column":27},"end":{"line":15,"column":38}}],"line":15},"5":{"loc":{"start":{"line":17,"column":15},"end":{"line":23,"column":9}},"type":"if","locations":[{"start":{"line":17,"column":15},"end":{"line":23,"column":9}},{"start":{"line":19,"column":15},"end":{"line":23,"column":9}}],"line":17},"6":{"loc":{"start":{"line":17,"column":19},"end":{"line":17,"column":45}},"type":"binary-expr","locations":[{"start":{"line":17,"column":19},"end":{"line":17,"column":30}},{"start":{"line":17,"column":34},"end":{"line":17,"column":45}}],"line":17},"7":{"loc":{"start":{"line":19,"column":15},"end":{"line":23,"column":9}},"type":"if","locations":[{"start":{"line":19,"column":15},"end":{"line":23,"column":9}},{"start":{"line":21,"column":15},"end":{"line":23,"column":9}}],"line":19},"8":{"loc":{"start":{"line":19,"column":19},"end":{"line":19,"column":45}},"type":"binary-expr","locations":[{"start":{"line":19,"column":19},"end":{"line":19,"column":30}},{"start":{"line":19,"column":34},"end":{"line":19,"column":45}}],"line":19}},"s":{"0":4,"1":2,"2":2,"3":2,"4":1,"5":1,"6":1,"7":15,"8":4,"9":11,"10":1,"11":10,"12":2,"13":8,"14":1,"15":1},"f":{"0":4},"b":{"0":[2,2],"1":[4,3],"2":[1,1],"3":[4,11],"4":[15,5],"5":[1,10],"6":[11,1],"7":[2,8],"8":[10,10]},"_coverageSchema":"1a1c01bbd47fc00a2c39e90264f33305004495a9","hash":"0cee525907267d4ef9f3c890d69dae085b2196a1"}
}
