TN:
SF:src\01pr_Block\checkNumber.js
FN:6,checkNumber
FNF:1
FNH:1
FNDA:8,checkNumber
DA:7,8
DA:8,1
DA:10,7
DA:11,7
DA:12,1
DA:13,6
DA:14,1
DA:15,5
DA:16,2
DA:18,3
DA:19,10
DA:20,2
DA:21,2
DA:22,8
DA:25,5
DA:26,5
DA:27,5
DA:30,1
LF:18
LH:18
BRDA:7,0,0,1
BRDA:7,0,1,7
BRDA:11,1,0,1
BRDA:11,1,1,6
BRDA:13,2,0,1
BRDA:13,2,1,5
BRDA:15,3,0,2
BRDA:15,3,1,3
BRDA:15,4,0,5
BRDA:15,4,1,4
BRDA:19,5,0,2
BRDA:19,5,1,8
BRF:12
BRH:12
end_of_record
TN:
SF:src\01pr_Block\getNumericalSum.js
FN:5,getNumericalSum
FNF:1
FNH:1
FNDA:3,getNumericalSum
DA:6,3
DA:7,1
DA:9,3
DA:12,1
LF:4
LH:4
BRDA:6,0,0,1
BRDA:6,0,1,2
BRDA:6,1,0,3
BRDA:6,1,1,2
BRDA:6,1,2,1
BRF:5
BRH:5
end_of_record
TN:
SF:src\01pr_Block\isPalindrome.js
FN:2,isPalindrome
FNF:1
FNH:1
FNDA:5,isPalindrome
DA:3,5
DA:4,4
DA:5,4
DA:6,4
DA:7,60
DA:9,4
DA:11,1
DA:13,1
LF:8
LH:8
BRDA:3,0,0,4
BRDA:3,0,1,1
BRF:2
BRH:2
end_of_record
TN:
SF:src\01pr_Block\isStringValid.js
FN:11,isStringValid
FNF:1
FNH:1
FNDA:13,isStringValid
DA:12,13
DA:13,13
DA:14,2
DA:17,11
DA:18,4
DA:21,7
DA:22,7
DA:24,7
DA:25,44
DA:26,44
DA:27,44
DA:30,44
DA:31,308
DA:32,5
DA:36,7
DA:37,2
DA:39,5
DA:43,1
LF:18
LH:18
BRDA:13,0,0,2
BRDA:13,0,1,11
BRDA:13,1,0,13
BRDA:13,1,1,12
BRDA:17,2,0,4
BRDA:17,2,1,7
BRDA:17,3,0,11
BRDA:17,3,1,10
BRDA:17,3,2,9
BRDA:17,3,3,8
BRDA:26,4,0,44
BRDA:26,4,1,0
BRDA:26,5,0,44
BRDA:26,5,1,0
BRDA:26,5,2,0
BRDA:31,6,0,5
BRDA:31,6,1,303
BRDA:36,7,0,2
BRDA:36,7,1,5
BRDA:36,8,0,7
BRDA:36,8,1,7
BRDA:36,8,2,3
BRF:22
BRH:19
end_of_record
TN:
SF:src\02pr_Block\breakingCycleFunc.js
FN:13,breakingCycleFunc
FNF:1
FNH:1
FNDA:1,breakingCycleFunc
DA:4,1
DA:5,16
DA:6,316
DA:7,1
DA:14,1
DA:15,16
DA:16,316
DA:17,1
DA:18,1
DA:25,1
LF:10
LH:10
BRDA:6,0,0,1
BRDA:6,0,1,315
BRDA:6,1,0,316
BRDA:6,1,1,16
BRDA:16,2,0,1
BRDA:16,2,1,315
BRDA:16,3,0,316
BRDA:16,3,1,16
BRF:8
BRH:8
end_of_record
TN:
SF:src\02pr_Block\isAnagram.js
FN:5,isAnagram
FNF:1
FNH:1
FNDA:9,isAnagram
DA:6,9
DA:7,6
DA:9,3
DA:10,3
DA:11,3
DA:12,3
DA:14,3
DA:15,2
DA:17,1
DA:21,1
LF:10
LH:10
BRDA:6,0,0,6
BRDA:6,0,1,3
BRDA:6,1,0,9
BRDA:6,1,1,8
BRDA:6,1,2,7
BRDA:6,1,3,5
BRDA:14,2,0,2
BRDA:14,2,1,1
BRF:8
BRH:8
end_of_record
TN:
SF:src\02pr_Block\typingWordsFunc.js
FN:6,typingWordsFunc
FNF:1
FNH:1
FNDA:4,typingWordsFunc
DA:7,4
DA:8,2
DA:10,2
DA:11,2
DA:12,1
DA:14,1
DA:15,15
DA:16,4
DA:17,11
DA:18,1
DA:19,10
DA:20,2
DA:22,8
DA:25,1
DA:28,1
LF:15
LH:15
BRDA:7,0,0,2
BRDA:7,0,1,2
BRDA:7,1,0,4
BRDA:7,1,1,3
BRDA:11,2,0,1
BRDA:11,2,1,1
BRDA:15,3,0,4
BRDA:15,3,1,11
BRDA:15,4,0,15
BRDA:15,4,1,5
BRDA:17,5,0,1
BRDA:17,5,1,10
BRDA:17,6,0,11
BRDA:17,6,1,1
BRDA:19,7,0,2
BRDA:19,7,1,8
BRDA:19,8,0,10
BRDA:19,8,1,10
BRF:18
BRH:18
end_of_record
